Loading required package: gsubfn
Loading required package: proto
Warning in fun(libname, pkgname) :
  no DISPLAY variable so Tk is not available
Loading required package: RSQLite
Loading required package: DBI
Loading required package: RSQLite.extfuns
Loading required package: gridExtra
Loading required package: grid
Loading required package: tcltk

Listening on http://127.0.0.1:54445
Warning in validateSelected(selected, choices, inputId) :
  'selected' must be the values instead of names of 'choices' for the input 'HSpick'
Error in if (input$raceFilter == "AllRaces") { : 
  argument is of length zero
Error in if (input$raceFilter == "AllRaces") { : 
  argument is of length zero
Error in if (input$raceFilter == "AllRaces") { : 
  argument is of length zero
Error in if (input$raceFilter == "AllRaces") { : 
  argument is of length zero
Error in if (input$raceFilter == "AllRaces") { : 
  argument is of length zero
Error in if (input$raceFilter == "AllRaces") { : 
  argument is of length zero
Error in if (input$raceFilter == "AllRaces") { : 
  argument is of length zero
Error in if (input$raceFilter == "AllRaces") { : 
  argument is of length zero
Error in parse(text = lines, srcfile = srcfile, keep.source = TRUE) : 
  /home/benporter/ShinyApps/navbar/ui.R:40:33: unexpected symbol
39:                               mainPanel("Explore our student body"
40:                                 plotOutput
                                    ^
Warning in validateSelected(selected, choices, inputId) :
  'selected' must be the values instead of names of 'choices' for the input 'HSpick'
Warning in validateSelected(selected, choices, inputId) :
  'selected' must be the values instead of names of 'choices' for the input 'HSpick'
Warning in validateSelected(selected, choices, inputId) :
  'selected' must be the values instead of names of 'choices' for the input 'HSpick'
Map from URL : http://maps.googleapis.com/maps/api/staticmap?center=452+South+Anderson+Road,+Rock+Hill,+South+Carolina+29730&zoom=10&size=%20640x640&scale=%202&maptype=terrain&sensor=false
Google Maps API Terms of Service : http://developers.google.com/maps/terms
Information from URL : http://maps.googleapis.com/maps/api/geocode/json?address=452+South+Anderson+Road,+Rock+Hill,+South+Carolina+29730&sensor=false
Google Maps API Terms of Service : http://developers.google.com/maps/terms
Warning in validateSelected(selected, choices, inputId) :
  'selected' must be the values instead of names of 'choices' for the input 'HSpick'
Map from URL : http://maps.googleapis.com/maps/api/staticmap?center=452+South+Anderson+Road,+Rock+Hill,+South+Carolina+29730&zoom=10&size=%20640x640&scale=%202&maptype=terrain&sensor=false
Google Maps API Terms of Service : http://developers.google.com/maps/terms
Information from URL : http://maps.googleapis.com/maps/api/geocode/json?address=452+South+Anderson+Road,+Rock+Hill,+South+Carolina+29730&sensor=false
Google Maps API Terms of Service : http://developers.google.com/maps/terms
Warning in validateSelected(selected, choices, inputId) :
  'selected' must be the values instead of names of 'choices' for the input 'HSpick'
Error in as.character(x) : 
  cannot coerce type 'closure' to vector of type 'character'
Error in as.character(x) : 
  cannot coerce type 'closure' to vector of type 'character'
Warning in validateSelected(selected, choices, inputId) :
  'selected' must be the values instead of names of 'choices' for the input 'HSpick'
Map from URL : http://maps.googleapis.com/maps/api/staticmap?center=452+South+Anderson+Road,+Rock+Hill,+South+Carolina+29730&zoom=10&size=%20640x640&scale=%202&maptype=terrain&sensor=false
Google Maps API Terms of Service : http://developers.google.com/maps/terms
Information from URL : http://maps.googleapis.com/maps/api/geocode/json?address=452+South+Anderson+Road,+Rock+Hill,+South+Carolina+29730&sensor=false
Google Maps API Terms of Service : http://developers.google.com/maps/terms
Error in if (input$raceFilter == "AllRaces") { : 
  argument is of length zero
Error in if (input$raceFilter == "AllRaces") { : 
  argument is of length zero
Error in parse(text = lines, srcfile = srcfile, keep.source = TRUE) : 
  /home/benporter/ShinyApps/navbar/ui.R:87:0: unexpected end of input
85: ))
86: 
   ^
Error in parse(text = lines, srcfile = srcfile, keep.source = TRUE) : 
  /home/benporter/ShinyApps/navbar/ui.R:68:29: unexpected symbol
67:                    tabPanel("High School"
68:                             sidebarPanel
                                ^
Warning in validateSelected(selected, choices, inputId) :
  'selected' must be the values instead of names of 'choices' for the input 'HSpick'
Error in if (input$raceFilter == "AllRaces") { : 
  argument is of length zero
Error in if (input$raceFilter == "AllRaces") { : 
  argument is of length zero
Warning in validateSelected(selected, choices, inputId) :
  'selected' must be the values instead of names of 'choices' for the input 'HSpick'
Map from URL : http://maps.googleapis.com/maps/api/staticmap?center=452+South+Anderson+Road,+Rock+Hill,+South+Carolina+29730&zoom=10&size=%20640x640&scale=%202&maptype=terrain&sensor=false
Google Maps API Terms of Service : http://developers.google.com/maps/terms
Information from URL : http://maps.googleapis.com/maps/api/geocode/json?address=452+South+Anderson+Road,+Rock+Hill,+South+Carolina+29730&sensor=false
Google Maps API Terms of Service : http://developers.google.com/maps/terms
Map from URL : http://maps.googleapis.com/maps/api/staticmap?center=452+South+Anderson+Road,+Rock+Hill,+South+Carolina+29730&zoom=10&size=%20640x640&scale=%202&maptype=terrain&sensor=false
Google Maps API Terms of Service : http://developers.google.com/maps/terms
Information from URL : http://maps.googleapis.com/maps/api/geocode/json?address=452+South+Anderson+Road,+Rock+Hill,+South+Carolina+29730&sensor=false
Google Maps API Terms of Service : http://developers.google.com/maps/terms
Error in if (thechoice()$shortname == "AllHighSchools") { : 
  argument is of length zero
Error in if (thechoice()$shortname == "AllHighSchools") { : 
  argument is of length zero
Warning in validateSelected(selected, choices, inputId) :
  'selected' must be the values instead of names of 'choices' for the input 'HSpick'
Error in parse(text = lines, srcfile = srcfile, keep.source = TRUE) : 
  /home/benporter/ShinyApps/navbar/server.R:79:3: unexpected ')'
78:     return(df)
79:   )
      ^
Error in parse(text = lines, srcfile = srcfile, keep.source = TRUE) : 
  /home/benporter/ShinyApps/navbar/server.R:79:3: unexpected ')'
78:     return(df)
79:   )
      ^
Error in parse(text = lines, srcfile = srcfile, keep.source = TRUE) : 
  /home/benporter/ShinyApps/navbar/server.R:79:3: unexpected ')'
78:     return(df)
79:   )
      ^
Error in parse(text = lines, srcfile = srcfile, keep.source = TRUE) : 
  /home/benporter/ShinyApps/navbar/server.R:79:3: unexpected ')'
78:     return(df)
79:   )
      ^
Warning in validateSelected(selected, choices, inputId) :
  'selected' must be the values instead of names of 'choices' for the input 'HSpick'
Error in parse(text = lines, srcfile = srcfile, keep.source = TRUE) : 
  /home/benporter/ShinyApps/navbar/server.R:79:3: unexpected ')'
78:     return(df)
79:   )
      ^
Error in do.call(serverFunc, args) : 
  'what' must be a character string or a function
Error in parse(text = lines, srcfile = srcfile, keep.source = TRUE) : 
  /home/benporter/ShinyApps/navbar/server.R:78:16: unexpected ')'
77:     df$lat_num_rand <- df$lat_num + runif(n=nrow(df),min=(-1*jitter),max=jitter)
78:     return(df) )
                   ^
Error in parse(text = lines, srcfile = srcfile, keep.source = TRUE) : 
  /home/benporter/ShinyApps/navbar/server.R:79:3: unexpected ')'
78:     return(df) 
79:   )
      ^
Error in parse(text = lines, srcfile = srcfile, keep.source = TRUE) : 
  /home/benporter/ShinyApps/navbar/server.R:79:3: unexpected ')'
78:     return(df) 
79:   )
      ^
Map from URL : http://maps.googleapis.com/maps/api/staticmap?center=452+South+Anderson+Road,+Rock+Hill,+South+Carolina+29730&zoom=10&size=%20640x640&scale=%202&maptype=terrain&sensor=false
Google Maps API Terms of Service : http://developers.google.com/maps/terms
Information from URL : http://maps.googleapis.com/maps/api/geocode/json?address=452+South+Anderson+Road,+Rock+Hill,+South+Carolina+29730&sensor=false
Google Maps API Terms of Service : http://developers.google.com/maps/terms
Map from URL : http://maps.googleapis.com/maps/api/staticmap?center=452+South+Anderson+Road,+Rock+Hill,+South+Carolina+29730&zoom=10&size=%20640x640&scale=%202&maptype=terrain&sensor=false
Google Maps API Terms of Service : http://developers.google.com/maps/terms
Information from URL : http://maps.googleapis.com/maps/api/geocode/json?address=452+South+Anderson+Road,+Rock+Hill,+South+Carolina+29730&sensor=false
Google Maps API Terms of Service : http://developers.google.com/maps/terms
Error in if (thechoice()$shortname == "AllHighSchools") { : 
  argument is of length zero
Error in if (thechoice()$shortname == "AllHighSchools") { : 
  argument is of length zero
Error in if (thechoice()$shortname == "AllHighSchools") { : 
  argument is of length zero
Error in if (thechoice()$shortname == "AllHighSchools") { : 
  argument is of length zero
Error in if (thechoice()$shortname == "AllHighSchools") { : 
  argument is of length zero
Error in if (thechoice()$shortname == "AllHighSchools") { : 
  argument is of length zero
Warning in validateSelected(selected, choices, inputId) :
  'selected' must be the values instead of names of 'choices' for the input 'HSpick'
Map from URL : http://maps.googleapis.com/maps/api/staticmap?center=452+South+Anderson+Road,+Rock+Hill,+South+Carolina+29730&zoom=10&size=%20640x640&scale=%202&maptype=terrain&sensor=false
Google Maps API Terms of Service : http://developers.google.com/maps/terms
Information from URL : http://maps.googleapis.com/maps/api/geocode/json?address=452+South+Anderson+Road,+Rock+Hill,+South+Carolina+29730&sensor=false
Google Maps API Terms of Service : http://developers.google.com/maps/terms
Error in if (thechoice()$shortname == "AllHighSchools") { : 
  argument is of length zero
Error in if (thechoice()$shortname == "AllHighSchools") { : 
  argument is of length zero
Warning in validateSelected(selected, choices, inputId) :
  'selected' must be the values instead of names of 'choices' for the input 'HSpick'
Error in if (thechoice()$shortname == "AllHighSchools") { : 
  argument is of length zero
Error in if (thechoice()$shortname == "AllHighSchools") { : 
  argument is of length zero
Error in if (thechoice()$shortname == "AllHighSchools") { : 
  argument is of length zero
Error in if (thechoice()$shortname == "AllHighSchools") { : 
  argument is of length zero
Map from URL : http://maps.googleapis.com/maps/api/staticmap?center=452+South+Anderson+Road,+Rock+Hill,+South+Carolina+29730&zoom=10&size=%20640x640&scale=%202&maptype=terrain&sensor=false
Google Maps API Terms of Service : http://developers.google.com/maps/terms
Information from URL : http://maps.googleapis.com/maps/api/geocode/json?address=452+South+Anderson+Road,+Rock+Hill,+South+Carolina+29730&sensor=false
Google Maps API Terms of Service : http://developers.google.com/maps/terms
Error in if (thechoice()$shortname == "AllHighSchools") { : 
  argument is of length zero
Error in if (thechoice()$shortname == "AllHighSchools") { : 
  argument is of length zero
Map from URL : http://maps.googleapis.com/maps/api/staticmap?center=452+South+Anderson+Road,+Rock+Hill,+South+Carolina+29730&zoom=10&size=%20640x640&scale=%202&maptype=terrain&sensor=false
Google Maps API Terms of Service : http://developers.google.com/maps/terms
Information from URL : http://maps.googleapis.com/maps/api/geocode/json?address=452+South+Anderson+Road,+Rock+Hill,+South+Carolina+29730&sensor=false
Google Maps API Terms of Service : http://developers.google.com/maps/terms
Warning in matrix(align.tmp[(2 - pos):(ncol(x) + 1)], nrow = nrow(x), ncol = ncol(x) +  :
  data length exceeds size of matrix
Error in if (thechoice()$shortname == "AllHighSchools") { : 
  argument is of length zero
Error in if (thechoice()$shortname == "AllHighSchools") { : 
  argument is of length zero
Error in if (thechoice()$shortname == "AllHighSchools") { : 
  argument is of length zero
Error in if (thechoice()$shortname == "AllHighSchools") { : 
  argument is of length zero
Warning in matrix(align.tmp[(2 - pos):(ncol(x) + 1)], nrow = nrow(x), ncol = ncol(x) +  :
  data length exceeds size of matrix
Error in if (thechoice()$shortname == "AllHighSchools") { : 
  argument is of length zero
Error in if (thechoice()$shortname == "AllHighSchools") { : 
  argument is of length zero
Map from URL : http://maps.googleapis.com/maps/api/staticmap?center=452+South+Anderson+Road,+Rock+Hill,+South+Carolina+29730&zoom=10&size=%20640x640&scale=%202&maptype=terrain&sensor=false
Google Maps API Terms of Service : http://developers.google.com/maps/terms
Information from URL : http://maps.googleapis.com/maps/api/geocode/json?address=452+South+Anderson+Road,+Rock+Hill,+South+Carolina+29730&sensor=false
Google Maps API Terms of Service : http://developers.google.com/maps/terms
Error in parse(text = lines, srcfile = srcfile, keep.source = TRUE) : 
  /home/benporter/ShinyApps/navbar/ui.R:75:0: unexpected end of input
73: ))
74: 
   ^
Warning in validateSelected(selected, choices, inputId) :
  'selected' must be the values instead of names of 'choices' for the input 'HSpick'
Error in if (thechoice()$shortname == "AllHighSchools") { : 
  argument is of length zero
Error in if (thechoice()$shortname == "AllHighSchools") { : 
  argument is of length zero
Warning in matrix(align.tmp[(2 - pos):(ncol(x) + 1)], nrow = nrow(x), ncol = ncol(x) +  :
  data length exceeds size of matrix
Map from URL : http://maps.googleapis.com/maps/api/staticmap?center=452+South+Anderson+Road,+Rock+Hill,+South+Carolina+29730&zoom=10&size=%20640x640&scale=%202&maptype=terrain&sensor=false
Google Maps API Terms of Service : http://developers.google.com/maps/terms
Information from URL : http://maps.googleapis.com/maps/api/geocode/json?address=452+South+Anderson+Road,+Rock+Hill,+South+Carolina+29730&sensor=false
Google Maps API Terms of Service : http://developers.google.com/maps/terms
Warning in validateSelected(selected, choices, inputId) :
  'selected' must be the values instead of names of 'choices' for the input 'HSpick'
Error in parse(text = lines, srcfile = srcfile, keep.source = TRUE) : 
  /home/benporter/ShinyApps/navbar/ui.R:69:29: unexpected symbol
68:                             h4("Find people like you:")
69:                             dataTableOutput
                                ^
Warning in validateSelected(selected, choices, inputId) :
  'selected' must be the values instead of names of 'choices' for the input 'HSpick'
Warning in matrix(align.tmp[(2 - pos):(ncol(x) + 1)], nrow = nrow(x), ncol = ncol(x) +  :
  data length exceeds size of matrix
Error in if (input$raceFilter == "AllRaces") { : 
  argument is of length zero
Error in if (input$raceFilter == "AllRaces") { : 
  argument is of length zero
Error in if (input$raceFilter == "AllRaces") { : 
  argument is of length zero
Error in if (input$raceFilter == "AllRaces") { : 
  argument is of length zero
Map from URL : http://maps.googleapis.com/maps/api/staticmap?center=452+South+Anderson+Road,+Rock+Hill,+South+Carolina+29730&zoom=10&size=%20640x640&scale=%202&maptype=terrain&sensor=false
Google Maps API Terms of Service : http://developers.google.com/maps/terms
Information from URL : http://maps.googleapis.com/maps/api/geocode/json?address=452+South+Anderson+Road,+Rock+Hill,+South+Carolina+29730&sensor=false
Google Maps API Terms of Service : http://developers.google.com/maps/terms
Error in inherits(x, "theme") : argument "e2" is missing, with no default
Map from URL : http://maps.googleapis.com/maps/api/staticmap?center=452+South+Anderson+Road,+Rock+Hill,+South+Carolina+29730&zoom=10&size=%20640x640&scale=%202&maptype=terrain&sensor=false
Google Maps API Terms of Service : http://developers.google.com/maps/terms
Information from URL : http://maps.googleapis.com/maps/api/geocode/json?address=452+South+Anderson+Road,+Rock+Hill,+South+Carolina+29730&sensor=false
Google Maps API Terms of Service : http://developers.google.com/maps/terms
Error in inherits(x, "theme") : argument "e2" is missing, with no default
Error in inherits(x, "theme") : argument "e2" is missing, with no default
Map from URL : http://maps.googleapis.com/maps/api/staticmap?center=452+South+Anderson+Road,+Rock+Hill,+South+Carolina+29730&zoom=10&size=%20640x640&scale=%202&maptype=terrain&sensor=false
Google Maps API Terms of Service : http://developers.google.com/maps/terms
Information from URL : http://maps.googleapis.com/maps/api/geocode/json?address=452+South+Anderson+Road,+Rock+Hill,+South+Carolina+29730&sensor=false
Google Maps API Terms of Service : http://developers.google.com/maps/terms
Warning in validateSelected(selected, choices, inputId) :
  'selected' must be the values instead of names of 'choices' for the input 'HSpick'
Map from URL : http://maps.googleapis.com/maps/api/staticmap?center=452+South+Anderson+Road,+Rock+Hill,+South+Carolina+29730&zoom=10&size=%20640x640&scale=%202&maptype=terrain&sensor=false
Google Maps API Terms of Service : http://developers.google.com/maps/terms
Information from URL : http://maps.googleapis.com/maps/api/geocode/json?address=452+South+Anderson+Road,+Rock+Hill,+South+Carolina+29730&sensor=false
Google Maps API Terms of Service : http://developers.google.com/maps/terms
Mapping a variable to y and also using stat="bin".
  With stat="bin", it will attempt to set the y value to the count of cases in each group.
  This can result in unexpected behavior and will not be allowed in a future version of ggplot2.
  If you want y to represent counts of cases, use stat="bin" and don't map a variable to y.
  If you want y to represent values in the data, use stat="identity".
  See ?geom_bar for examples. (Deprecated; last used in version 0.9.2)
Warning in matrix(align.tmp[(2 - pos):(ncol(x) + 1)], nrow = nrow(x), ncol = ncol(x) +  :
  data length exceeds size of matrix
Map from URL : http://maps.googleapis.com/maps/api/staticmap?center=452+South+Anderson+Road,+Rock+Hill,+South+Carolina+29730&zoom=10&size=%20640x640&scale=%202&maptype=terrain&sensor=false
Google Maps API Terms of Service : http://developers.google.com/maps/terms
Information from URL : http://maps.googleapis.com/maps/api/geocode/json?address=452+South+Anderson+Road,+Rock+Hill,+South+Carolina+29730&sensor=false
Google Maps API Terms of Service : http://developers.google.com/maps/terms
Mapping a variable to y and also using stat="bin".
  With stat="bin", it will attempt to set the y value to the count of cases in each group.
  This can result in unexpected behavior and will not be allowed in a future version of ggplot2.
  If you want y to represent counts of cases, use stat="bin" and don't map a variable to y.
  If you want y to represent values in the data, use stat="identity".
  See ?geom_bar for examples. (Deprecated; last used in version 0.9.2)
Map from URL : http://maps.googleapis.com/maps/api/staticmap?center=452+South+Anderson+Road,+Rock+Hill,+South+Carolina+29730&zoom=10&size=%20640x640&scale=%202&maptype=terrain&sensor=false
Google Maps API Terms of Service : http://developers.google.com/maps/terms
Information from URL : http://maps.googleapis.com/maps/api/geocode/json?address=452+South+Anderson+Road,+Rock+Hill,+South+Carolina+29730&sensor=false
Google Maps API Terms of Service : http://developers.google.com/maps/terms
Mapping a variable to y and also using stat="bin".
  With stat="bin", it will attempt to set the y value to the count of cases in each group.
  This can result in unexpected behavior and will not be allowed in a future version of ggplot2.
  If you want y to represent counts of cases, use stat="bin" and don't map a variable to y.
  If you want y to represent values in the data, use stat="identity".
  See ?geom_bar for examples. (Deprecated; last used in version 0.9.2)
Map from URL : http://maps.googleapis.com/maps/api/staticmap?center=452+South+Anderson+Road,+Rock+Hill,+South+Carolina+29730&zoom=10&size=%20640x640&scale=%202&maptype=terrain&sensor=false
Google Maps API Terms of Service : http://developers.google.com/maps/terms
Information from URL : http://maps.googleapis.com/maps/api/geocode/json?address=452+South+Anderson+Road,+Rock+Hill,+South+Carolina+29730&sensor=false
Google Maps API Terms of Service : http://developers.google.com/maps/terms
Mapping a variable to y and also using stat="bin".
  With stat="bin", it will attempt to set the y value to the count of cases in each group.
  This can result in unexpected behavior and will not be allowed in a future version of ggplot2.
  If you want y to represent counts of cases, use stat="bin" and don't map a variable to y.
  If you want y to represent values in the data, use stat="identity".
  See ?geom_bar for examples. (Deprecated; last used in version 0.9.2)
Warning in matrix(align.tmp[(2 - pos):(ncol(x) + 1)], nrow = nrow(x), ncol = ncol(x) +  :
  data length exceeds size of matrix
Warning in validateSelected(selected, choices, inputId) :
  'selected' must be the values instead of names of 'choices' for the input 'HSpick'
Warning in validateSelected(selected, choices, inputId) :
  'selected' must be the values instead of names of 'choices' for the input 'HSpick'
Warning in validateSelected(selected, choices, inputId) :
  'selected' must be the values instead of names of 'choices' for the input 'HSpick'
Mapping a variable to y and also using stat="bin".
  With stat="bin", it will attempt to set the y value to the count of cases in each group.
  This can result in unexpected behavior and will not be allowed in a future version of ggplot2.
  If you want y to represent counts of cases, use stat="bin" and don't map a variable to y.
  If you want y to represent values in the data, use stat="identity".
  See ?geom_bar for examples. (Deprecated; last used in version 0.9.2)
Warning in matrix(align.tmp[(2 - pos):(ncol(x) + 1)], nrow = nrow(x), ncol = ncol(x) +  :
  data length exceeds size of matrix
Warning in validateSelected(selected, choices, inputId) :
  'selected' must be the values instead of names of 'choices' for the input 'HSpick'
Map from URL : http://maps.googleapis.com/maps/api/staticmap?center=452+South+Anderson+Road,+Rock+Hill,+South+Carolina+29730&zoom=10&size=%20640x640&scale=%202&maptype=terrain&sensor=false
Google Maps API Terms of Service : http://developers.google.com/maps/terms
Information from URL : http://maps.googleapis.com/maps/api/geocode/json?address=452+South+Anderson+Road,+Rock+Hill,+South+Carolina+29730&sensor=false
Google Maps API Terms of Service : http://developers.google.com/maps/terms
Warning in validateSelected(selected, choices, inputId) :
  'selected' must be the values instead of names of 'choices' for the input 'HSpick'
Map from URL : http://maps.googleapis.com/maps/api/staticmap?center=452+South+Anderson+Road,+Rock+Hill,+South+Carolina+29730&zoom=10&size=%20640x640&scale=%202&maptype=terrain&sensor=false
Google Maps API Terms of Service : http://developers.google.com/maps/terms
Information from URL : http://maps.googleapis.com/maps/api/geocode/json?address=452+South+Anderson+Road,+Rock+Hill,+South+Carolina+29730&sensor=false
Google Maps API Terms of Service : http://developers.google.com/maps/terms
Error in sqliteExecStatement(con, statement, bind.data) : 
  RS-DBI driver: (error in statement: no such column: clusteringModel$cluster)
Error in sqliteExecStatement(con, statement, bind.data) : 
  RS-DBI driver: (error in statement: no such column: clusteringModel$cluster)
Map from URL : http://maps.googleapis.com/maps/api/staticmap?center=452+South+Anderson+Road,+Rock+Hill,+South+Carolina+29730&zoom=10&size=%20640x640&scale=%202&maptype=terrain&sensor=false
Google Maps API Terms of Service : http://developers.google.com/maps/terms
Information from URL : http://maps.googleapis.com/maps/api/geocode/json?address=452+South+Anderson+Road,+Rock+Hill,+South+Carolina+29730&sensor=false
Google Maps API Terms of Service : http://developers.google.com/maps/terms
Error in p + xlab("") : non-numeric argument to binary operator
Map from URL : http://maps.googleapis.com/maps/api/staticmap?center=452+South+Anderson+Road,+Rock+Hill,+South+Carolina+29730&zoom=10&size=%20640x640&scale=%202&maptype=terrain&sensor=false
Google Maps API Terms of Service : http://developers.google.com/maps/terms
Information from URL : http://maps.googleapis.com/maps/api/geocode/json?address=452+South+Anderson+Road,+Rock+Hill,+South+Carolina+29730&sensor=false
Google Maps API Terms of Service : http://developers.google.com/maps/terms
Error in p + xlab("") : non-numeric argument to binary operator
Map from URL : http://maps.googleapis.com/maps/api/staticmap?center=452+South+Anderson+Road,+Rock+Hill,+South+Carolina+29730&zoom=10&size=%20640x640&scale=%202&maptype=terrain&sensor=false
Google Maps API Terms of Service : http://developers.google.com/maps/terms
Information from URL : http://maps.googleapis.com/maps/api/geocode/json?address=452+South+Anderson+Road,+Rock+Hill,+South+Carolina+29730&sensor=false
Google Maps API Terms of Service : http://developers.google.com/maps/terms
Error in p + xlab("") : non-numeric argument to binary operator
Map from URL : http://maps.googleapis.com/maps/api/staticmap?center=452+South+Anderson+Road,+Rock+Hill,+South+Carolina+29730&zoom=10&size=%20640x640&scale=%202&maptype=terrain&sensor=false
Google Maps API Terms of Service : http://developers.google.com/maps/terms
Information from URL : http://maps.googleapis.com/maps/api/geocode/json?address=452+South+Anderson+Road,+Rock+Hill,+South+Carolina+29730&sensor=false
Google Maps API Terms of Service : http://developers.google.com/maps/terms
Error in p + xlab("") : non-numeric argument to binary operator
Map from URL : http://maps.googleapis.com/maps/api/staticmap?center=452+South+Anderson+Road,+Rock+Hill,+South+Carolina+29730&zoom=10&size=%20640x640&scale=%202&maptype=terrain&sensor=false
Google Maps API Terms of Service : http://developers.google.com/maps/terms
Information from URL : http://maps.googleapis.com/maps/api/geocode/json?address=452+South+Anderson+Road,+Rock+Hill,+South+Carolina+29730&sensor=false
Google Maps API Terms of Service : http://developers.google.com/maps/terms
Error in p + xlab("") : non-numeric argument to binary operator
Error in p + xlab("") : non-numeric argument to binary operator
Map from URL : http://maps.googleapis.com/maps/api/staticmap?center=452+South+Anderson+Road,+Rock+Hill,+South+Carolina+29730&zoom=10&size=%20640x640&scale=%202&maptype=terrain&sensor=false
Google Maps API Terms of Service : http://developers.google.com/maps/terms
Information from URL : http://maps.googleapis.com/maps/api/geocode/json?address=452+South+Anderson+Road,+Rock+Hill,+South+Carolina+29730&sensor=false
Google Maps API Terms of Service : http://developers.google.com/maps/terms
Error in p + xlab("") : non-numeric argument to binary operator
Map from URL : http://maps.googleapis.com/maps/api/staticmap?center=452+South+Anderson+Road,+Rock+Hill,+South+Carolina+29730&zoom=10&size=%20640x640&scale=%202&maptype=terrain&sensor=false
Google Maps API Terms of Service : http://developers.google.com/maps/terms
Information from URL : http://maps.googleapis.com/maps/api/geocode/json?address=452+South+Anderson+Road,+Rock+Hill,+South+Carolina+29730&sensor=false
Google Maps API Terms of Service : http://developers.google.com/maps/terms
Map from URL : http://maps.googleapis.com/maps/api/staticmap?center=452+South+Anderson+Road,+Rock+Hill,+South+Carolina+29730&zoom=10&size=%20640x640&scale=%202&maptype=terrain&sensor=false
Google Maps API Terms of Service : http://developers.google.com/maps/terms
Information from URL : http://maps.googleapis.com/maps/api/geocode/json?address=452+South+Anderson+Road,+Rock+Hill,+South+Carolina+29730&sensor=false
Google Maps API Terms of Service : http://developers.google.com/maps/terms
Error in p + xlab("") : non-numeric argument to binary operator
Warning in validateSelected(selected, choices, inputId) :
  'selected' must be the values instead of names of 'choices' for the input 'HSpick'
Error in p + xlab("") : non-numeric argument to binary operator
Error in p + xlab("") : non-numeric argument to binary operator
Mapping a variable to y and also using stat="bin".
  With stat="bin", it will attempt to set the y value to the count of cases in each group.
  This can result in unexpected behavior and will not be allowed in a future version of ggplot2.
  If you want y to represent counts of cases, use stat="bin" and don't map a variable to y.
  If you want y to represent values in the data, use stat="identity".
  See ?geom_bar for examples. (Deprecated; last used in version 0.9.2)
Error in parse(text = lines, srcfile = srcfile, keep.source = TRUE) : 
  /home/benporter/ShinyApps/navbar/ui.R:95:21: unexpected '<'
94:                   sidebarPanel(
95:                     <
                        ^
Error in parse(text = lines, srcfile = srcfile, keep.source = TRUE) : 
  /home/benporter/ShinyApps/navbar/ui.R:94:19: unexpected symbol
93:                   )
94:                   sidebarPanel
                      ^
Error in parse(text = lines, srcfile = srcfile, keep.source = TRUE) : 
  /home/benporter/ShinyApps/navbar/ui.R:95:36: unexpected symbol
94:                   sidebarPanel(
95:                     html("<a href="http
                                       ^
Warning in validateSelected(selected, choices, inputId) :
  'selected' must be the values instead of names of 'choices' for the input 'HSpick'
Error in tag("form", list(...)) : could not find function "html"
Error in parse(text = lines, srcfile = srcfile, keep.source = TRUE) : 
  /home/benporter/ShinyApps/navbar/ui.R:95:21: unexpected '<'
94:                   sidebarPanel(
95:                     <
                        ^
Warning in validateSelected(selected, choices, inputId) :
  'selected' must be the values instead of names of 'choices' for the input 'HSpick'
Error in if (input$raceFilter == "AllRaces") { : 
  argument is of length zero
Error in if (input$raceFilter == "AllRaces") { : 
  argument is of length zero
Mapping a variable to y and also using stat="bin".
  With stat="bin", it will attempt to set the y value to the count of cases in each group.
  This can result in unexpected behavior and will not be allowed in a future version of ggplot2.
  If you want y to represent counts of cases, use stat="bin" and don't map a variable to y.
  If you want y to represent values in the data, use stat="identity".
  See ?geom_bar for examples. (Deprecated; last used in version 0.9.2)
Error in p + xlab("") : non-numeric argument to binary operator
Error in p + xlab("") : non-numeric argument to binary operator
Error in p + xlab("") : non-numeric argument to binary operator
Warning in validateSelected(selected, choices, inputId) :
  'selected' must be the values instead of names of 'choices' for the input 'HSpick'
Mapping a variable to y and also using stat="bin".
  With stat="bin", it will attempt to set the y value to the count of cases in each group.
  This can result in unexpected behavior and will not be allowed in a future version of ggplot2.
  If you want y to represent counts of cases, use stat="bin" and don't map a variable to y.
  If you want y to represent values in the data, use stat="identity".
  See ?geom_bar for examples. (Deprecated; last used in version 0.9.2)
Error in p + xlab("") : non-numeric argument to binary operator
Mapping a variable to y and also using stat="bin".
  With stat="bin", it will attempt to set the y value to the count of cases in each group.
  This can result in unexpected behavior and will not be allowed in a future version of ggplot2.
  If you want y to represent counts of cases, use stat="bin" and don't map a variable to y.
  If you want y to represent values in the data, use stat="identity".
  See ?geom_bar for examples. (Deprecated; last used in version 0.9.2)
Error in p + xlab("") : non-numeric argument to binary operator
